<?xml version="1.0" encoding="UTF-8"?>
<robot generator="Robot 4.1.3 (Python 3.8.10 on linux)" generated="20220302 10:16:03.528" rpa="false" schemaversion="2">
<suite id="s1" name="Register" source="/home/katjaker/Miniprojekti/lukuvinkkikirjasto/src/tests/register.robot">
<kw name="Open And Configure Browser" library="resource" type="SETUP">
<kw name="Open Browser" library="SeleniumLibrary">
<arg>browser=${BROWSER}</arg>
<doc>Opens a new browser instance to the optional ``url``.</doc>
<msg timestamp="20220302 10:16:03.672" level="INFO">Opening browser 'chrome' to base url 'None'.</msg>
<status status="PASS" starttime="20220302 10:16:03.672" endtime="20220302 10:16:04.491"/>
</kw>
<kw name="Maximize Browser Window" library="SeleniumLibrary">
<doc>Maximizes current browser window.</doc>
<status status="PASS" starttime="20220302 10:16:04.492" endtime="20220302 10:16:04.642"/>
</kw>
<kw name="Set Selenium Speed" library="SeleniumLibrary">
<arg>${DELAY}</arg>
<doc>Sets the delay that is waited after each Selenium command.</doc>
<status status="PASS" starttime="20220302 10:16:04.642" endtime="20220302 10:16:04.644"/>
</kw>
<status status="PASS" starttime="20220302 10:16:03.671" endtime="20220302 10:16:04.644"/>
</kw>
<test id="s1-t1" name="Login After Failed Registration">
<kw name="Go To Register Page" type="SETUP">
<kw name="Go to Registering Page" library="resource">
<kw name="Go To" library="SeleniumLibrary">
<arg>${REGISTER URL}</arg>
<doc>Navigates the current browser window to the provided ``url``.</doc>
<msg timestamp="20220302 10:16:04.653" level="INFO">Opening url 'http://localhost:5000/register'</msg>
<status status="PASS" starttime="20220302 10:16:04.650" endtime="20220302 10:16:05.378"/>
</kw>
<status status="PASS" starttime="20220302 10:16:04.649" endtime="20220302 10:16:05.379"/>
</kw>
<status status="PASS" starttime="20220302 10:16:04.648" endtime="20220302 10:16:05.379"/>
</kw>
<kw name="Set Username">
<arg>kurpitsa</arg>
<kw name="Input Text" library="SeleniumLibrary">
<arg>username</arg>
<arg>${username}</arg>
<doc>Types the given ``text`` into the text field identified by ``locator``.</doc>
<msg timestamp="20220302 10:16:05.383" level="INFO">Typing text 'kurpitsa' into text field 'username'.</msg>
<status status="PASS" starttime="20220302 10:16:05.382" endtime="20220302 10:16:07.038"/>
</kw>
<status status="PASS" starttime="20220302 10:16:05.380" endtime="20220302 10:16:07.039"/>
</kw>
<kw name="Set Password">
<arg>salasana1234</arg>
<kw name="Input Password" library="SeleniumLibrary">
<arg>password</arg>
<arg>${password}</arg>
<doc>Types the given password into the text field identified by ``locator``.</doc>
<msg timestamp="20220302 10:16:07.042" level="INFO">Typing password into text field 'password'.</msg>
<msg timestamp="20220302 10:16:08.154" level="INFO">Temporally setting log level to: NONE</msg>
<msg timestamp="20220302 10:16:08.763" level="INFO">Log level changed from NONE to INFO.</msg>
<status status="PASS" starttime="20220302 10:16:07.041" endtime="20220302 10:16:08.763"/>
</kw>
<status status="PASS" starttime="20220302 10:16:07.040" endtime="20220302 10:16:08.764"/>
</kw>
<kw name="Set Password Confirmation">
<arg>salasana12345</arg>
<kw name="Input Password" library="SeleniumLibrary">
<arg>password_again</arg>
<arg>${password_confirmation}</arg>
<doc>Types the given password into the text field identified by ``locator``.</doc>
<msg timestamp="20220302 10:16:08.767" level="INFO">Typing password into text field 'password_again'.</msg>
<msg timestamp="20220302 10:16:09.894" level="INFO">Temporally setting log level to: NONE</msg>
<msg timestamp="20220302 10:16:10.511" level="INFO">Log level changed from NONE to INFO.</msg>
<status status="PASS" starttime="20220302 10:16:08.765" endtime="20220302 10:16:10.511"/>
</kw>
<status status="PASS" starttime="20220302 10:16:08.764" endtime="20220302 10:16:10.512"/>
</kw>
<kw name="Submit Register Credentials">
<kw name="Click Button" library="SeleniumLibrary">
<arg>Luo uusi tunnus</arg>
<doc>Clicks the button identified by ``locator``.</doc>
<msg timestamp="20220302 10:16:10.514" level="INFO">Clicking button 'Luo uusi tunnus'.</msg>
<status status="PASS" starttime="20220302 10:16:10.514" endtime="20220302 10:16:12.171"/>
</kw>
<status status="PASS" starttime="20220302 10:16:10.513" endtime="20220302 10:16:12.172"/>
</kw>
<kw name="Go To Login Page" library="resource">
<kw name="Go To" library="SeleniumLibrary">
<arg>${LOGIN URL}</arg>
<doc>Navigates the current browser window to the provided ``url``.</doc>
<msg timestamp="20220302 10:16:12.174" level="INFO">Opening url 'http://localhost:5000/login'</msg>
<status status="PASS" starttime="20220302 10:16:12.173" endtime="20220302 10:16:12.738"/>
</kw>
<status status="PASS" starttime="20220302 10:16:12.172" endtime="20220302 10:16:12.739"/>
</kw>
<kw name="Login Page Should Be Open" library="resource">
<kw name="Title Should Be" library="SeleniumLibrary">
<arg>Login</arg>
<doc>Verifies that the current page title equals ``title``.</doc>
<msg timestamp="20220302 10:16:13.255" level="INFO">Page title is 'Login'.</msg>
<status status="PASS" starttime="20220302 10:16:12.740" endtime="20220302 10:16:13.255"/>
</kw>
<status status="PASS" starttime="20220302 10:16:12.739" endtime="20220302 10:16:13.256"/>
</kw>
<kw name="Set Username">
<arg>kurpitsa</arg>
<kw name="Input Text" library="SeleniumLibrary">
<arg>username</arg>
<arg>${username}</arg>
<doc>Types the given ``text`` into the text field identified by ``locator``.</doc>
<msg timestamp="20220302 10:16:13.259" level="INFO">Typing text 'kurpitsa' into text field 'username'.</msg>
<status status="PASS" starttime="20220302 10:16:13.258" endtime="20220302 10:16:14.938"/>
</kw>
<status status="PASS" starttime="20220302 10:16:13.256" endtime="20220302 10:16:14.939"/>
</kw>
<kw name="Set Password">
<arg>salasana1239</arg>
<kw name="Input Password" library="SeleniumLibrary">
<arg>password</arg>
<arg>${password}</arg>
<doc>Types the given password into the text field identified by ``locator``.</doc>
<msg timestamp="20220302 10:16:14.941" level="INFO">Typing password into text field 'password'.</msg>
<msg timestamp="20220302 10:16:16.002" level="INFO">Temporally setting log level to: NONE</msg>
<msg timestamp="20220302 10:16:16.573" level="INFO">Log level changed from NONE to INFO.</msg>
<status status="PASS" starttime="20220302 10:16:14.940" endtime="20220302 10:16:16.573"/>
</kw>
<status status="PASS" starttime="20220302 10:16:14.939" endtime="20220302 10:16:16.574"/>
</kw>
<kw name="Submit Login Credentials">
<kw name="Click Button" library="SeleniumLibrary">
<arg>Kirjaudu sisään</arg>
<doc>Clicks the button identified by ``locator``.</doc>
<msg timestamp="20220302 10:16:16.576" level="INFO">Clicking button 'Kirjaudu sisään'.</msg>
<status status="PASS" starttime="20220302 10:16:16.576" endtime="20220302 10:16:18.223"/>
</kw>
<status status="PASS" starttime="20220302 10:16:16.575" endtime="20220302 10:16:18.223"/>
</kw>
<kw name="Login Should Fail With Message">
<arg>Käyttäjänimi tai salasana virheellinen</arg>
<kw name="Login Page Should Be Open" library="resource">
<kw name="Title Should Be" library="SeleniumLibrary">
<arg>Login</arg>
<doc>Verifies that the current page title equals ``title``.</doc>
<msg timestamp="20220302 10:16:18.739" level="INFO">Page title is 'Login'.</msg>
<status status="PASS" starttime="20220302 10:16:18.226" endtime="20220302 10:16:18.739"/>
</kw>
<status status="PASS" starttime="20220302 10:16:18.225" endtime="20220302 10:16:18.740"/>
</kw>
<kw name="Page Should Contain" library="SeleniumLibrary">
<arg>${message}</arg>
<doc>Verifies that current page contains ``text``.</doc>
<msg timestamp="20220302 10:16:19.786" level="INFO">Current page contains text 'Käyttäjänimi tai salasana virheellinen'.</msg>
<status status="PASS" starttime="20220302 10:16:18.740" endtime="20220302 10:16:19.786"/>
</kw>
<status status="PASS" starttime="20220302 10:16:18.224" endtime="20220302 10:16:19.787"/>
</kw>
<status status="PASS" starttime="20220302 10:16:04.645" endtime="20220302 10:16:19.788"/>
</test>
<kw name="Close Browser" library="SeleniumLibrary" type="TEARDOWN">
<doc>Closes the current browser.</doc>
<status status="PASS" starttime="20220302 10:16:19.791" endtime="20220302 10:16:20.352"/>
</kw>
<status status="PASS" starttime="20220302 10:16:03.529" endtime="20220302 10:16:20.352"/>
</suite>
<statistics>
<total>
<stat pass="1" fail="0" skip="0">All Tests</stat>
</total>
<tag>
</tag>
<suite>
<stat pass="1" fail="0" skip="0" id="s1" name="Register">Register</stat>
</suite>
</statistics>
<errors>
</errors>
</robot>
